[33mWARNING[0m:  [23-11-2025 12:27:11] chroma_server_nofile is not supported on Windows. chroma_server_nofile will not be set.
[32mINFO[0m:     [23-11-2025 12:27:12] Anonymized telemetry enabled. See                     https://docs.trychroma.com/telemetry for more information.
[36mDEBUG[0m:    [23-11-2025 12:27:12] Starting component System
[36mDEBUG[0m:    [23-11-2025 12:27:12] Starting component OpenTelemetryClient
[36mDEBUG[0m:    [23-11-2025 12:27:12] Starting component SqliteDB
[36mDEBUG[0m:    [23-11-2025 12:27:12] Starting component QuotaEnforcer
[36mDEBUG[0m:    [23-11-2025 12:27:12] Starting component Posthog
[36mDEBUG[0m:    [23-11-2025 12:27:12] Starting component LocalSegmentManager
[36mDEBUG[0m:    [23-11-2025 12:27:12] Starting component SegmentAPI
[31mERROR[0m:    [23-11-2025 12:27:12] Failed to send telemetry event ServerStartEvent: capture() takes 1 positional argument but 3 were given
[32mINFO[0m:     [23-11-2025 12:27:12] Started server process [[36m6424[0m]
[32mINFO[0m:     [23-11-2025 12:27:12] Waiting for application startup.
[32mINFO[0m:     [23-11-2025 12:27:12] Application startup complete.
[32mINFO[0m:     [23-11-2025 12:27:12] Uvicorn running on [1mhttp://localhost:8000[0m (Press CTRL+C to quit)
[32mINFO[0m:     [23-11-2025 12:27:21] Shutting down
[32mINFO[0m:     [23-11-2025 12:27:21] Waiting for application shutdown.
[36mDEBUG[0m:    [23-11-2025 12:27:21] Stopping component System
[36mDEBUG[0m:    [23-11-2025 12:27:21] Stopping component SegmentAPI
[36mDEBUG[0m:    [23-11-2025 12:27:21] Stopping component LocalSegmentManager
[36mDEBUG[0m:    [23-11-2025 12:27:21] Stopping component Posthog
[36mDEBUG[0m:    [23-11-2025 12:27:21] Stopping component QuotaEnforcer
[36mDEBUG[0m:    [23-11-2025 12:27:21] Stopping component SqliteDB
[36mDEBUG[0m:    [23-11-2025 12:27:21] Stopping component OpenTelemetryClient
[32mINFO[0m:     [23-11-2025 12:27:21] Application shutdown complete.
[32mINFO[0m:     [23-11-2025 12:27:21] Finished server process [[36m6424[0m]
[33mWARNING[0m:  [23-11-2025 18:01:43] chroma_server_nofile is not supported on Windows. chroma_server_nofile will not be set.
[32mINFO[0m:     [23-11-2025 18:01:45] Anonymized telemetry enabled. See                     https://docs.trychroma.com/telemetry for more information.
[36mDEBUG[0m:    [23-11-2025 18:01:45] Starting component System
[36mDEBUG[0m:    [23-11-2025 18:01:45] Starting component OpenTelemetryClient
[36mDEBUG[0m:    [23-11-2025 18:01:45] Starting component SqliteDB
[36mDEBUG[0m:    [23-11-2025 18:01:45] Starting component QuotaEnforcer
[36mDEBUG[0m:    [23-11-2025 18:01:45] Starting component Posthog
[36mDEBUG[0m:    [23-11-2025 18:01:45] Starting component LocalSegmentManager
[36mDEBUG[0m:    [23-11-2025 18:01:45] Starting component SegmentAPI
[31mERROR[0m:    [23-11-2025 18:01:45] Failed to send telemetry event ServerStartEvent: capture() takes 1 positional argument but 3 were given
[32mINFO[0m:     [23-11-2025 18:01:45] Started server process [[36m25844[0m]
[32mINFO[0m:     [23-11-2025 18:01:45] Waiting for application startup.
[32mINFO[0m:     [23-11-2025 18:01:45] Application startup complete.
[32mINFO[0m:     [23-11-2025 18:01:45] Uvicorn running on [1mhttp://localhost:8000[0m (Press CTRL+C to quit)
